<?xml version="1.0" encoding="UTF-8"?>
<!-- Generated by org.testng.reporters.JUnitReportReporter -->
<testsuite hostname="dvtcstests048" failures="0" tests="1" name="testscripts.scenario1.CarDealer_RegisteredTractor_VARES_TU" time="360.963" errors="0" timestamp="2024-05-08T07:59:53 IST" skipped="0">
  <testcase classname="testscripts.scenario1.CarDealer_RegisteredTractor_VARES_TU" name="runTC1" time="360.963"/>
</testsuite> <!-- testscripts.scenario1.CarDealer_RegisteredTractor_VARES_TU -->
