<?xml version="1.0" encoding="UTF-8"?>
<!-- Generated by org.testng.reporters.JUnitReportReporter -->
<testsuite hostname="dvtcstests048" failures="0" tests="1" name="testscripts.scenario1.CollisionWithSomethingelse_No_3rdParty_LT" time="272.775" errors="0" timestamp="2024-02-07T22:50:06 IST" skipped="0">
  <testcase classname="testscripts.scenario1.CollisionWithSomethingelse_No_3rdParty_LT" name="runTC1" time="272.775"/>
</testsuite> <!-- testscripts.scenario1.CollisionWithSomethingelse_No_3rdParty_LT -->
