<?xml version="1.0" encoding="UTF-8"?>
<!-- Generated by org.testng.reporters.JUnitReportReporter -->
<testsuite hostname="dvtcstests048" failures="0" tests="1" name="testscripts.scenario1.Fire_LS_Proxy_TU" time="668.902" errors="0" timestamp="2024-05-08T17:10:10 IST" skipped="0">
  <testcase classname="testscripts.scenario1.Fire_LS_Proxy_TU" name="runTC1" time="668.902"/>
</testsuite> <!-- testscripts.scenario1.Fire_LS_Proxy_TU -->
