<?xml version="1.0" encoding="UTF-8"?>
<!-- Generated by org.testng.reporters.JUnitReportReporter -->
<testsuite hostname="dvtcstests048" failures="0" tests="1" name="testscripts.scenario1.GlassBreakage_RoleOwner_LT" time="276.353" errors="0" timestamp="2024-04-24T17:08:51 IST" skipped="0">
  <testcase classname="testscripts.scenario1.GlassBreakage_RoleOwner_LT" name="runTC1" time="276.353"/>
</testsuite> <!-- testscripts.scenario1.GlassBreakage_RoleOwner_LT -->
