<?xml version="1.0" encoding="UTF-8"?>
<!-- Generated by org.testng.reporters.JUnitReportReporter -->
<testsuite hostname="dvtcstests048" failures="0" tests="1" name="testscripts.scenario1.Fire_UC_PH_LT" time="756.411" errors="0" timestamp="2024-04-24T19:16:14 IST" skipped="0">
  <testcase classname="testscripts.scenario1.Fire_UC_PH_LT" name="runTC1" time="756.411"/>
</testsuite> <!-- testscripts.scenario1.Fire_UC_PH_LT -->
