<?xml version="1.0" encoding="UTF-8"?>
<!-- Generated by org.testng.reporters.JUnitReportReporter -->
<testsuite hostname="dvtcstests048" failures="0" tests="1" name="testscripts.scenario1.CarDealer_RegisteredLightTrailer_VARES_LT" time="399.993" errors="0" timestamp="2024-04-08T16:14:56 IST" skipped="0">
  <testcase classname="testscripts.scenario1.CarDealer_RegisteredLightTrailer_VARES_LT" name="runTC1" time="399.993"/>
</testsuite> <!-- testscripts.scenario1.CarDealer_RegisteredLightTrailer_VARES_LT -->
