<?xml version="1.0" encoding="UTF-8"?>
<!-- Generated by org.testng.reporters.JUnitReportReporter -->
<testsuite hostname="dvtcstests048" failures="0" tests="1" name="testscripts.scenario1.MotorPolicyScenario1_Turva" time="422.987" errors="0" timestamp="2024-05-09T19:02:08 IST" skipped="0">
  <testcase classname="testscripts.scenario1.MotorPolicyScenario1_Turva" name="runTC1" time="422.987"/>
</testsuite> <!-- testscripts.scenario1.MotorPolicyScenario1_Turva -->
