<?xml version="1.0" encoding="UTF-8"?>
<!-- Generated by org.testng.reporters.JUnitReportReporter -->
<testsuite hostname="dvtcstests048" failures="0" tests="1" name="testscripts.scenario1.CollisionWithSomethingelse_No_3rdParty_TU" time="542.592" errors="0" timestamp="2024-05-09T16:57:03 IST" skipped="0">
  <testcase classname="testscripts.scenario1.CollisionWithSomethingelse_No_3rdParty_TU" name="runTC1" time="542.592"/>
</testsuite> <!-- testscripts.scenario1.CollisionWithSomethingelse_No_3rdParty_TU -->
