<?xml version="1.0" encoding="UTF-8"?>
<!-- Generated by org.testng.reporters.JUnitReportReporter -->
<testsuite hostname="dvtcstests048" failures="0" tests="1" name="testscripts.scenario1.TT_Driver_LT" time="477.089" errors="0" timestamp="2024-04-15T19:48:44 IST" skipped="0">
  <testcase classname="testscripts.scenario1.TT_Driver_LT" name="runTC1" time="477.089"/>
</testsuite> <!-- testscripts.scenario1.TT_Driver_LT -->
