<?xml version="1.0" encoding="UTF-8"?>
<!-- Generated by org.testng.reporters.JUnitReportReporter -->
<testsuite hostname="dvtcstests048" failures="0" tests="1" name="testscripts.scenario1.PolicydetailsMFNOLScenario2_ParkingLotcollision_Proxy_LT_FI" time="568.717" errors="0" timestamp="2024-04-24T12:59:51 IST" skipped="0">
  <testcase classname="testscripts.scenario1.PolicydetailsMFNOLScenario2_ParkingLotcollision_Proxy_LT_FI" name="runTC1" time="568.717"/>
</testsuite> <!-- testscripts.scenario1.PolicydetailsMFNOLScenario2_ParkingLotcollision_Proxy_LT_FI -->
