<?xml version="1.0" encoding="UTF-8"?>
<!-- Generated by org.testng.reporters.JUnitReportReporter -->
<testsuite hostname="dvtcstests048" failures="0" tests="1" name="testscripts.scenario1.Vandalism_WillfulDamage_Owner_TU" time="513.754" errors="0" timestamp="2024-04-02T20:09:37 IST" skipped="0">
  <testcase classname="testscripts.scenario1.Vandalism_WillfulDamage_Owner_TU" name="runTC1" time="513.754"/>
</testsuite> <!-- testscripts.scenario1.Vandalism_WillfulDamage_Owner_TU -->
