<?xml version="1.0" encoding="UTF-8"?>
<!-- Generated by org.testng.reporters.JUnitReportReporter -->
<testsuite hostname="dvtcstests048" failures="0" tests="1" name="testscripts.scenario1.Fire_HD_Owner_TU" time="693.922" errors="0" timestamp="2024-05-08T17:10:10 IST" skipped="0">
  <testcase classname="testscripts.scenario1.Fire_HD_Owner_TU" name="runTC1" time="693.922"/>
</testsuite> <!-- testscripts.scenario1.Fire_HD_Owner_TU -->
