<?xml version="1.0" encoding="UTF-8"?>
<!-- Generated by org.testng.reporters.JUnitReportReporter -->
<testsuite hostname="dvtcstests048" failures="0" tests="1" name="testscripts.scenario1.Vandalism_Proxy_DamageCausedByAnotherVehicle_LT" time="335.765" errors="0" timestamp="2024-02-08T11:19:48 IST" skipped="0">
  <testcase classname="testscripts.scenario1.Vandalism_Proxy_DamageCausedByAnotherVehicle_LT" name="runTC1" time="335.765"/>
</testsuite> <!-- testscripts.scenario1.Vandalism_Proxy_DamageCausedByAnotherVehicle_LT -->
