<?xml version="1.0" encoding="UTF-8"?>
<!-- Generated by org.testng.reporters.JUnitReportReporter -->
<testsuite hostname="dvtcstests048" failures="0" tests="1" name="testscripts.scenario1.Fire_Other_PH_LT" time="293.765" errors="0" timestamp="2024-02-06T11:27:26 IST" skipped="0">
  <testcase classname="testscripts.scenario1.Fire_Other_PH_LT" name="runTC1" time="293.765"/>
</testsuite> <!-- testscripts.scenario1.Fire_Other_PH_LT -->
