<?xml version="1.0" encoding="UTF-8"?>
<!-- Generated by org.testng.reporters.JUnitReportReporter -->
<testsuite hostname="dvtcstests048" failures="0" tests="1" name="testscripts.scenario1.TT_Driver_TU" time="498.552" errors="0" timestamp="2024-04-17T11:13:05 IST" skipped="0">
  <testcase classname="testscripts.scenario1.TT_Driver_TU" name="runTC1" time="498.552"/>
</testsuite> <!-- testscripts.scenario1.TT_Driver_TU -->
