<?xml version="1.0" encoding="UTF-8"?>
<!-- Generated by org.testng.reporters.JUnitReportReporter -->
<testsuite hostname="dvtcstests048" failures="0" tests="1" name="testscripts.scenario1.GlassBreakage_RolePH_LT" time="167.130" errors="0" timestamp="2024-04-24T17:26:07 IST" skipped="0">
  <testcase classname="testscripts.scenario1.GlassBreakage_RolePH_LT" name="runTC1" time="167.130"/>
</testsuite> <!-- testscripts.scenario1.GlassBreakage_RolePH_LT -->
