<?xml version="1.0" encoding="UTF-8"?>
<!-- Generated by org.testng.reporters.JUnitReportReporter -->
<testsuite hostname="dvtcstests048" failures="0" tests="1" name="testscripts.scenario1.PolicydetailsMFNOLScenario5_CancelMFNOL_PH_LT_FI" time="131.087" errors="0" timestamp="2024-04-23T19:28:19 IST" skipped="0">
  <testcase classname="testscripts.scenario1.PolicydetailsMFNOLScenario5_CancelMFNOL_PH_LT_FI" name="runTC1" time="131.087"/>
</testsuite> <!-- testscripts.scenario1.PolicydetailsMFNOLScenario5_CancelMFNOL_PH_LT_FI -->
