<?xml version="1.0" encoding="UTF-8"?>
<!-- Generated by org.testng.reporters.JUnitReportReporter -->
<testsuite hostname="dvtcstests048" failures="0" tests="1" name="testscripts.scenario1.MotorPolicyScenario5_Turva" time="425.329" errors="0" timestamp="2024-05-13T11:49:51 IST" skipped="0">
  <testcase classname="testscripts.scenario1.MotorPolicyScenario5_Turva" name="runTC1" time="425.329"/>
</testsuite> <!-- testscripts.scenario1.MotorPolicyScenario5_Turva -->
