<?xml version="1.0" encoding="UTF-8"?>
<!-- Generated by org.testng.reporters.JUnitReportReporter -->
<testsuite hostname="dvtcstests048" failures="0" tests="1" name="testscripts.scenario1.TheftScenario1_VehicleStillMissing_Policyholder_YES_Turva" time="679.341" errors="0" timestamp="2024-04-16T23:32:01 IST" skipped="0">
  <testcase classname="testscripts.scenario1.TheftScenario1_VehicleStillMissing_Policyholder_YES_Turva" name="runTC1" time="679.341"/>
</testsuite> <!-- testscripts.scenario1.TheftScenario1_VehicleStillMissing_Policyholder_YES_Turva -->
