<?xml version="1.0" encoding="UTF-8"?>
<!-- Generated by org.testng.reporters.JUnitReportReporter -->
<testsuite hostname="dvtcstests013" failures="0" tests="1" name="testscripts.scenario1.TheftScenario2_Breakin_Policyholder_NO_LT_FI" time="441.826" errors="0" timestamp="2024-03-18T19:40:02 IST" skipped="0">
  <testcase classname="testscripts.scenario1.TheftScenario2_Breakin_Policyholder_NO_LT_FI" name="runTC1" time="441.826"/>
</testsuite> <!-- testscripts.scenario1.TheftScenario2_Breakin_Policyholder_NO_LT_FI -->
