<?xml version="1.0" encoding="UTF-8"?>
<!-- Generated by org.testng.reporters.JUnitReportReporter -->
<testsuite hostname="dvtcstests048" failures="0" tests="1" name="testscripts.scenario1.Fire_LS_Proxy_LT" time="298.431" errors="0" timestamp="2024-02-06T15:32:26 IST" skipped="0">
  <testcase classname="testscripts.scenario1.Fire_LS_Proxy_LT" name="runTC1" time="298.431"/>
</testsuite> <!-- testscripts.scenario1.Fire_LS_Proxy_LT -->
