<?xml version="1.0" encoding="UTF-8"?>
<!-- Generated by org.testng.reporters.JUnitReportReporter -->
<testsuite hostname="dvtcstests048" failures="0" tests="1" name="testscripts.scenario1.NaturalPhenomenonS2_LT" time="539.425" errors="0" timestamp="2024-04-24T17:38:38 IST" skipped="0">
  <testcase classname="testscripts.scenario1.NaturalPhenomenonS2_LT" name="runTC1" time="539.425"/>
</testsuite> <!-- testscripts.scenario1.NaturalPhenomenonS2_LT -->
