<?xml version="1.0" encoding="UTF-8"?>
<!-- Generated by org.testng.reporters.JUnitReportReporter -->
<testsuite hostname="dvtcstests048" failures="0" tests="1" name="testscripts.scenario1.CarDealer_RegisteredVan_VARES_LT" time="363.809" errors="0" timestamp="2024-04-22T16:16:31 IST" skipped="0">
  <testcase classname="testscripts.scenario1.CarDealer_RegisteredVan_VARES_LT" name="runTC1" time="363.809"/>
</testsuite> <!-- testscripts.scenario1.CarDealer_RegisteredVan_VARES_LT -->
