<?xml version="1.0" encoding="UTF-8"?>
<!-- Generated by org.testng.reporters.JUnitReportReporter -->
<testsuite hostname="dvtcstests048" failures="0" tests="1" name="testscripts.scenario1.TT_Proxy_TU" time="618.942" errors="0" timestamp="2024-04-09T17:46:57 IST" skipped="0">
  <testcase classname="testscripts.scenario1.TT_Proxy_TU" name="runTC1" time="618.942"/>
</testsuite> <!-- testscripts.scenario1.TT_Proxy_TU -->
