<?xml version="1.0" encoding="UTF-8"?>
<!-- Generated by org.testng.reporters.JUnitReportReporter -->
<testsuite hostname="dvtcstests048" failures="0" tests="1" name="testscripts.scenario1.PolicydetailsMFNOLScenario2_ParkingLotcollision_Proxy_Turva" time="527.715" errors="0" timestamp="2024-04-02T14:28:02 IST" skipped="0">
  <testcase classname="testscripts.scenario1.PolicydetailsMFNOLScenario2_ParkingLotcollision_Proxy_Turva" name="runTC1" time="527.715"/>
</testsuite> <!-- testscripts.scenario1.PolicydetailsMFNOLScenario2_ParkingLotcollision_Proxy_Turva -->
