<?xml version="1.0" encoding="UTF-8"?>
<!-- Generated by org.testng.reporters.JUnitReportReporter -->
<testsuite hostname="dvtcstests048" failures="0" tests="1" name="testscripts.scenario1.CollisionWithBicycle_Yes_PH_TU" time="816.038" errors="0" timestamp="2024-04-02T22:22:41 IST" skipped="0">
  <testcase classname="testscripts.scenario1.CollisionWithBicycle_Yes_PH_TU" name="runTC1" time="816.038"/>
</testsuite> <!-- testscripts.scenario1.CollisionWithBicycle_Yes_PH_TU -->
