<?xml version="1.0" encoding="UTF-8"?>
<!-- Generated by org.testng.reporters.JUnitReportReporter -->
<testsuite hostname="dvtcstests048" failures="0" tests="1" name="testscripts.scenario1.TT_NoExpense_TU" time="172.696" errors="0" timestamp="2024-04-02T18:47:43 IST" skipped="0">
  <testcase classname="testscripts.scenario1.TT_NoExpense_TU" name="runTC1" time="172.696"/>
</testsuite> <!-- testscripts.scenario1.TT_NoExpense_TU -->
