<?xml version="1.0" encoding="UTF-8"?>
<!-- Generated by org.testng.reporters.JUnitReportReporter -->
<testsuite hostname="dvtcstests048" failures="0" tests="1" name="testscripts.scenario1.CollisionWithAnimal_Yes_PH_LT" time="327.586" errors="0" timestamp="2024-02-07T22:50:06 IST" skipped="0">
  <testcase classname="testscripts.scenario1.CollisionWithAnimal_Yes_PH_LT" name="runTC1" time="327.586"/>
</testsuite> <!-- testscripts.scenario1.CollisionWithAnimal_Yes_PH_LT -->
