<?xml version="1.0" encoding="UTF-8"?>
<!-- Generated by org.testng.reporters.JUnitReportReporter -->
<testsuite hostname="dvtcstests048" failures="0" tests="1" name="testscripts.scenario1.GlassBreakage_RoleProxy_TU" time="159.685" errors="0" timestamp="2024-04-02T18:58:55 IST" skipped="0">
  <testcase classname="testscripts.scenario1.GlassBreakage_RoleProxy_TU" name="runTC1" time="159.685"/>
</testsuite> <!-- testscripts.scenario1.GlassBreakage_RoleProxy_TU -->
