<?xml version="1.0" encoding="UTF-8"?>
<!-- Generated by org.testng.reporters.JUnitReportReporter -->
<<<<<<< HEAD
<testsuite hostname="dvtcstests048" failures="0" tests="1" name="testscripts.scenario1.CarDealer_RegisteredSnowmobile_VATI_LT" time="334.808" errors="0" timestamp="2024-05-14T12:19:25 IST" skipped="0">
  <testcase classname="testscripts.scenario1.CarDealer_RegisteredSnowmobile_VATI_LT" name="runTC1" time="334.808"/>
=======
<testsuite hostname="dvtcstests048" failures="0" tests="1" name="testscripts.scenario1.CarDealer_RegisteredSnowmobile_VATI_LT" time="336.159" errors="0" timestamp="2024-05-06T16:11:44 IST" skipped="0">
  <testcase classname="testscripts.scenario1.CarDealer_RegisteredSnowmobile_VATI_LT" name="runTC1" time="336.159"/>
>>>>>>> 9352c1e4407ef1d3cabcbb9ce91149e2e889d700
</testsuite> <!-- testscripts.scenario1.CarDealer_RegisteredSnowmobile_VATI_LT -->
