<?xml version="1.0" encoding="UTF-8"?>
<!-- Generated by org.testng.reporters.JUnitReportReporter -->
<testsuite hostname="dvtcstests048" failures="0" tests="1" name="testscripts.scenario1.Fire_HD_Owner_LT" time="322.018" errors="0" timestamp="2024-02-06T15:18:27 IST" skipped="0">
  <testcase classname="testscripts.scenario1.Fire_HD_Owner_LT" name="runTC1" time="322.018"/>
</testsuite> <!-- testscripts.scenario1.Fire_HD_Owner_LT -->
