<?xml version="1.0" encoding="UTF-8"?>
<!-- Generated by org.testng.reporters.JUnitReportReporter -->
<testsuite hostname="dvtcstests048" failures="0" tests="1" name="testscripts.scenario1.Fire_IA_Driver_LT" time="746.689" errors="0" timestamp="2024-04-24T19:16:14 IST" skipped="0">
  <testcase classname="testscripts.scenario1.Fire_IA_Driver_LT" name="runTC1" time="746.689"/>
</testsuite> <!-- testscripts.scenario1.Fire_IA_Driver_LT -->
