<?xml version="1.0" encoding="UTF-8"?>
<!-- Generated by org.testng.reporters.JUnitReportReporter -->
<testsuite hostname="dvtcstests048" failures="0" tests="1" name="testscripts.scenario1.TheftScenario2_Breakin_Policyholder_NO_Turva" time="562.168" errors="0" timestamp="2024-04-16T23:32:01 IST" skipped="0">
  <testcase classname="testscripts.scenario1.TheftScenario2_Breakin_Policyholder_NO_Turva" name="runTC1" time="562.168"/>
</testsuite> <!-- testscripts.scenario1.TheftScenario2_Breakin_Policyholder_NO_Turva -->
