<?xml version="1.0" encoding="UTF-8"?>
<!-- Generated by org.testng.reporters.JUnitReportReporter -->
<testsuite hostname="dvtcstests048" failures="0" tests="1" name="testscripts.scenario1.MotorPolicyScenario2_Turva" time="389.875" errors="0" timestamp="2024-05-09T19:09:39 IST" skipped="0">
  <testcase classname="testscripts.scenario1.MotorPolicyScenario2_Turva" name="runTC1" time="389.875"/>
</testsuite> <!-- testscripts.scenario1.MotorPolicyScenario2_Turva -->
