<?xml version="1.0" encoding="UTF-8"?>
<!-- Generated by org.testng.reporters.JUnitReportReporter -->
<testsuite hostname="dvtcstests048" failures="0" tests="1" name="testscripts.scenario1.CollisionWithBicycle_Yes_PH_LT" time="321.891" errors="0" timestamp="2024-02-07T22:50:06 IST" skipped="0">
  <testcase classname="testscripts.scenario1.CollisionWithBicycle_Yes_PH_LT" name="runTC1" time="321.891"/>
</testsuite> <!-- testscripts.scenario1.CollisionWithBicycle_Yes_PH_LT -->
